<?xml version="1.0" encoding="UTF-8"?>
<!-- Generated by org.testng.reporters.JUnitReportReporter -->
<testsuite hostname="Somashekars-iMac.local" failures="0" tests="3" name="TestNgSessionsconcepts.com.AutomatingLogin" time="18.723" errors="0" timestamp="2024-04-15T07:09:46 IST" skipped="0">
  <testcase classname="TestNgSessionsconcepts.com.AutomatingLogin" name="getTitleOfThePage" time="0.009"/>
  <system-out/>
  <testcase classname="TestNgSessionsconcepts.com.AutomatingLogin" name="getCurrentUrlOfThePage" time="0.026"/>
  <system-out/>
  <testcase classname="TestNgSessionsconcepts.com.AutomatingLogin" name="registrationForm" time="18.688"/>
  <system-out/>
</testsuite> <!-- TestNgSessionsconcepts.com.AutomatingLogin -->
