<?xml version="1.0" encoding="UTF-8"?>
<!-- Generated by org.testng.reporters.JUnitReportReporter -->
<testsuite hostname="Somashekars-iMac.local" failures="0" tests="3" name="TestNgSessionsconcepts.com.UsingBeforeMethodDemo" time="41.654" errors="0" timestamp="2024-04-15T07:14:33 IST" skipped="0">
  <testcase classname="TestNgSessionsconcepts.com.UsingBeforeMethodDemo" name="agetTitleOfThePage" time="8.928"/>
  <system-out/>
  <testcase classname="TestNgSessionsconcepts.com.UsingBeforeMethodDemo" name="bgetCurrentUrlOfThePage" time="7.143"/>
  <system-out/>
  <testcase classname="TestNgSessionsconcepts.com.UsingBeforeMethodDemo" name="cregistrationForm" time="25.583"/>
  <system-out/>
</testsuite> <!-- TestNgSessionsconcepts.com.UsingBeforeMethodDemo -->
