<?xml version="1.0" encoding="UTF-8"?>
<!-- Generated by org.testng.reporters.JUnitReportReporter -->
<testsuite hostname="Somashekars-iMac.local" failures="0" tests="1" name="TestNgSessionsconcepts.com.AlertDemo2" time="23.150" errors="0" timestamp="2024-04-22T07:03:59 IST" skipped="0">
  <testcase classname="TestNgSessionsconcepts.com.AlertDemo2" name="browserPopUp" time="23.150"/>
  <system-out/>
</testsuite> <!-- TestNgSessionsconcepts.com.AlertDemo2 -->
