<?xml version="1.0" encoding="UTF-8"?>
<!-- Generated by org.testng.reporters.JUnitReportReporter -->
<testsuite hostname="Somashekars-iMac.local" failures="0" tests="1" name="TestNgSessionsconcepts.com.NestedFramesDemo" time="19.526" errors="0" timestamp="2024-04-25T07:47:42 IST" skipped="0">
  <testcase classname="TestNgSessionsconcepts.com.NestedFramesDemo" name="titleOfThePage" time="19.526"/>
  <system-out/>
</testsuite> <!-- TestNgSessionsconcepts.com.NestedFramesDemo -->
