<?xml version="1.0" encoding="UTF-8"?>
<!-- Generated by org.testng.reporters.JUnitReportReporter -->
<testsuite hostname="Somashekars-iMac.local" failures="0" tests="1" name="TestNgSessionsconcepts.com.NestedFrame2" time="103.427" errors="0" timestamp="2024-04-25T07:54:23 IST" skipped="0">
  <testcase classname="TestNgSessionsconcepts.com.NestedFrame2" name="titleOfThePage" time="103.427"/>
  <system-out/>
</testsuite> <!-- TestNgSessionsconcepts.com.NestedFrame2 -->
