<?xml version="1.0" encoding="UTF-8"?>
<!-- Generated by org.testng.reporters.JUnitReportReporter -->
<testsuite hostname="Somashekars-iMac.local" failures="0" tests="1" name="TestNgSessionsconcepts.com.BrowserWindowPopupDemo" time="25.438" errors="0" timestamp="2024-04-22T06:56:37 IST" skipped="0">
  <testcase classname="TestNgSessionsconcepts.com.BrowserWindowPopupDemo" name="browserPopUp" time="25.438"/>
  <system-out/>
</testsuite> <!-- TestNgSessionsconcepts.com.BrowserWindowPopupDemo -->
