<?xml version="1.0" encoding="UTF-8"?>
<!-- Generated by org.testng.reporters.JUnitReportReporter -->
<testsuite hostname="Somashekars-iMac.local" failures="0" tests="3" name="TestNgSessionsconcepts.com.PriorityConcept" time="29.479" errors="0" timestamp="2024-04-16T06:55:29 IST" skipped="0">
  <testcase classname="TestNgSessionsconcepts.com.PriorityConcept" name="currentUrlOfThePage" time="10.070"/>
  <system-out/>
  <testcase classname="TestNgSessionsconcepts.com.PriorityConcept" name="titleOfThePage" time="8.060"/>
  <system-out/>
  <testcase classname="TestNgSessionsconcepts.com.PriorityConcept" name="doLogin" time="11.349"/>
  <system-out/>
</testsuite> <!-- TestNgSessionsconcepts.com.PriorityConcept -->
