<?xml version="1.0" encoding="UTF-8"?>
<!-- Generated by org.testng.reporters.JUnitReportReporter -->
<testsuite hostname="Somashekars-iMac.local" failures="0" tests="1" name="TestNgSessionsconcepts.com.AlertDemo4" time="35.380" errors="0" timestamp="2024-04-22T07:34:56 IST" skipped="0">
  <testcase classname="TestNgSessionsconcepts.com.AlertDemo4" name="browserPopUp" time="35.380"/>
  <system-out/>
</testsuite> <!-- TestNgSessionsconcepts.com.AlertDemo4 -->
