<?xml version="1.0" encoding="UTF-8"?>
<!-- Generated by org.testng.reporters.JUnitReportReporter -->
<testsuite hostname="Somashekars-iMac.local" failures="0" tests="3" name="TestNgSessionsconcepts.com.DropDownConcept" time="53.113" errors="0" timestamp="2024-04-17T07:02:52 IST" skipped="0">
  <testcase classname="TestNgSessionsconcepts.com.DropDownConcept" name="titleOfThePage" time="6.657"/>
  <system-out/>
  <testcase classname="TestNgSessionsconcepts.com.DropDownConcept" name="currentUrlOfThePage" time="9.707"/>
  <system-out/>
  <testcase classname="TestNgSessionsconcepts.com.DropDownConcept" name="personalDetails" time="36.749"/>
  <system-out/>
</testsuite> <!-- TestNgSessionsconcepts.com.DropDownConcept -->
