<?xml version="1.0" encoding="UTF-8"?>
<!-- Generated by org.testng.reporters.JUnitReportReporter -->
<testsuite hostname="Somashekars-iMac.local" failures="0" tests="2" name="TestNgSessionsconcepts.com.TestNGDemo" time="14.157" errors="0" timestamp="2024-04-11T06:43:02 IST" skipped="0">
  <testcase classname="TestNgSessionsconcepts.com.TestNGDemo" name="loginDemo" time="14.062"/>
  <system-out/>
  <testcase classname="TestNgSessionsconcepts.com.TestNGDemo" name="closeApp" time="0.095"/>
  <system-out/>
</testsuite> <!-- TestNgSessionsconcepts.com.TestNGDemo -->
