<?xml version="1.0" encoding="UTF-8"?>
<!-- Generated by org.testng.reporters.JUnitReportReporter -->
<testsuite hostname="Somashekars-iMac.local" failures="0" tests="1" name="TestNgSessionsconcepts.com.DropDownDemo2" time="21.258" errors="0" timestamp="2024-04-18T07:00:54 IST" skipped="0">
  <testcase classname="TestNgSessionsconcepts.com.DropDownDemo2" name="dropDownExample" time="21.258"/>
  <system-out/>
</testsuite> <!-- TestNgSessionsconcepts.com.DropDownDemo2 -->
