<?xml version="1.0" encoding="UTF-8"?>
<!-- Generated by org.testng.reporters.JUnitReportReporter -->
<testsuite hostname="Somashekars-iMac.local" failures="0" tests="2" name="TestNgSessionsconcepts.com.DependOnDemo" time="0.012" errors="0" timestamp="2024-04-27T10:26:58 IST" skipped="0">
  <testcase classname="TestNgSessionsconcepts.com.DependOnDemo" name="login" time="0.011"/>
  <system-out/>
  <testcase classname="TestNgSessionsconcepts.com.DependOnDemo" name="homepage" time="0.001"/>
  <system-out/>
</testsuite> <!-- TestNgSessionsconcepts.com.DependOnDemo -->
