<?xml version="1.0" encoding="UTF-8"?>
<!-- Generated by org.testng.reporters.JUnitReportReporter -->
<testsuite hostname="Somashekars-iMac.local" failures="0" tests="1" name="TestNgSessionsconcepts.com.FramesDemo" time="25.855" errors="0" timestamp="2024-04-25T07:00:35 IST" skipped="0">
  <testcase classname="TestNgSessionsconcepts.com.FramesDemo" name="titleOfThePage" time="25.855"/>
  <system-out/>
</testsuite> <!-- TestNgSessionsconcepts.com.FramesDemo -->
