<?xml version="1.0" encoding="UTF-8"?>
<!-- Generated by org.testng.reporters.JUnitReportReporter -->
<testsuite hostname="Somashekars-iMac.local" failures="0" tests="1" name="TestNgSessionsconcepts.com.DropDownDemo3" time="20.746" errors="0" timestamp="2024-04-18T07:06:18 IST" skipped="0">
  <testcase classname="TestNgSessionsconcepts.com.DropDownDemo3" name="dropDownExample" time="20.746"/>
  <system-out/>
</testsuite> <!-- TestNgSessionsconcepts.com.DropDownDemo3 -->
