<?xml version="1.0" encoding="UTF-8"?>
<!-- Generated by org.testng.reporters.JUnitReportReporter -->
<testsuite hostname="Somashekars-iMac.local" failures="0" tests="3" name="TestNgSessionsconcepts.com.OrderOfInvocation" time="0.013" errors="0" timestamp="2024-04-15T06:28:30 IST" skipped="0">
  <testcase classname="TestNgSessionsconcepts.com.OrderOfInvocation" name="btest" time="0.004"/>
  <system-out/>
  <testcase classname="TestNgSessionsconcepts.com.OrderOfInvocation" name="atest" time="0.008"/>
  <system-out/>
  <testcase classname="TestNgSessionsconcepts.com.OrderOfInvocation" name="ctest" time="0.001"/>
  <system-out/>
</testsuite> <!-- TestNgSessionsconcepts.com.OrderOfInvocation -->
