<?xml version="1.0" encoding="UTF-8"?>
<!-- Generated by org.testng.reporters.JUnitReportReporter -->
<testsuite hostname="Somashekars-iMac.local" failures="0" tests="1" name="TestNgSessionsconcepts.com.AlertDemo3" time="26.110" errors="0" timestamp="2024-04-22T07:07:58 IST" skipped="0">
  <testcase classname="TestNgSessionsconcepts.com.AlertDemo3" name="browserPopUp" time="26.110"/>
  <system-out/>
</testsuite> <!-- TestNgSessionsconcepts.com.AlertDemo3 -->
