<?xml version="1.0" encoding="UTF-8"?>
<!-- Generated by org.testng.reporters.JUnitReportReporter -->
<testsuite hostname="Somashekars-iMac.local" failures="0" tests="2" name="TestNgSessionsconcepts.com.IncludeDemo" time="0.063" errors="0" timestamp="2024-04-27T10:08:35 IST" skipped="1">
  <testcase classname="TestNgSessionsconcepts.com.IncludeDemo" name="getCurrentUrlOfThePage" time="0.063"/>
  <system-out/>
  <testcase classname="TestNgSessionsconcepts.com.IncludeDemo" name="getTitleOfThePage">
    <skipped/>
  </testcase> <!-- getTitleOfThePage -->
  <system-out/>
</testsuite> <!-- TestNgSessionsconcepts.com.IncludeDemo -->
