<?xml version="1.0" encoding="UTF-8"?>
<!-- Generated by org.testng.reporters.JUnitReportReporter -->
<testsuite hostname="Somashekars-iMac.local" failures="0" tests="1" name="TestNgSessionsconcepts.com.MultipleTabConcept" time="14.952" errors="0" timestamp="2024-04-24T07:40:06 IST" skipped="0">
  <testcase classname="TestNgSessionsconcepts.com.MultipleTabConcept" name="sigleWindowHandle" time="14.952"/>
  <system-out/>
</testsuite> <!-- TestNgSessionsconcepts.com.MultipleTabConcept -->
