<?xml version="1.0" encoding="UTF-8"?>
<!-- Generated by org.testng.reporters.JUnitReportReporter -->
<testsuite hostname="Somashekars-iMac.local" failures="0" tests="3" name="TestNgSessionsconcepts.com.OrderOfExecutionOfTestNg" time="26.050" errors="0" timestamp="2024-04-15T07:05:09 IST" skipped="0">
  <testcase classname="TestNgSessionsconcepts.com.OrderOfExecutionOfTestNg" name="ctest" time="9.969"/>
  <system-out/>
  <testcase classname="TestNgSessionsconcepts.com.OrderOfExecutionOfTestNg" name="btest" time="8.014"/>
  <system-out/>
  <testcase classname="TestNgSessionsconcepts.com.OrderOfExecutionOfTestNg" name="atest" time="8.067"/>
  <system-out/>
</testsuite> <!-- TestNgSessionsconcepts.com.OrderOfExecutionOfTestNg -->
