<?xml version="1.0" encoding="UTF-8"?>
<!-- Generated by org.testng.reporters.JUnitReportReporter -->
<testsuite hostname="Somashekars-iMac.local" failures="0" tests="1" name="TestNgSessionsconcepts.com.DropDownDemo4" time="18.107" errors="0" timestamp="2024-04-18T07:16:21 IST" skipped="0">
  <testcase classname="TestNgSessionsconcepts.com.DropDownDemo4" name="dropDownExample" time="18.107"/>
  <system-out/>
</testsuite> <!-- TestNgSessionsconcepts.com.DropDownDemo4 -->
