<?xml version="1.0" encoding="UTF-8"?>
<!-- Generated by org.testng.reporters.JUnitReportReporter -->
<testsuite hostname="Somashekars-iMac.local" failures="0" tests="5" name="TestNgSessionsconcepts.com.LoginWithSpecifiedNumberoftimes" time="139.770" errors="0" timestamp="2024-04-27T09:58:12 IST" skipped="0">
  <testcase classname="TestNgSessionsconcepts.com.LoginWithSpecifiedNumberoftimes" name="registrationForm" time="27.391"/>
  <system-out/>
  <testcase classname="TestNgSessionsconcepts.com.LoginWithSpecifiedNumberoftimes" name="registrationForm" time="27.529"/>
  <system-out/>
  <testcase classname="TestNgSessionsconcepts.com.LoginWithSpecifiedNumberoftimes" name="registrationForm" time="29.832"/>
  <system-out/>
  <testcase classname="TestNgSessionsconcepts.com.LoginWithSpecifiedNumberoftimes" name="registrationForm" time="27.530"/>
  <system-out/>
  <testcase classname="TestNgSessionsconcepts.com.LoginWithSpecifiedNumberoftimes" name="registrationForm" time="27.488"/>
  <system-out/>
</testsuite> <!-- TestNgSessionsconcepts.com.LoginWithSpecifiedNumberoftimes -->
