<?xml version="1.0" encoding="UTF-8"?>
<!-- Generated by org.testng.reporters.JUnitReportReporter -->
<testsuite hostname="Somashekars-iMac.local" failures="0" tests="3" name="TestNgSessionsconcepts.com.SecondOrderExecutionTestNg" time="57.065" errors="0" timestamp="2024-04-15T06:59:28 IST" skipped="0">
  <testcase classname="TestNgSessionsconcepts.com.SecondOrderExecutionTestNg" name="btest" time="7.669"/>
  <system-out/>
  <testcase classname="TestNgSessionsconcepts.com.SecondOrderExecutionTestNg" name="atest" time="41.478"/>
  <system-out/>
  <testcase classname="TestNgSessionsconcepts.com.SecondOrderExecutionTestNg" name="ctest" time="7.918"/>
  <system-out/>
</testsuite> <!-- TestNgSessionsconcepts.com.SecondOrderExecutionTestNg -->
